<?xml version="1.0" encoding="UTF-8"?>
<!-- Generated by org.testng.reporters.JUnitReportReporter -->
<testsuite hostname="CIPL-LPT-1382" failures="0" tests="1" name="tests.PostSSDebitOrder" time="15.115" errors="0" timestamp="2025-03-05T17:27:27 IST" skipped="0">
  <testcase classname="tests.PostSSDebitOrder" name="testpostssorder" time="15.115"/>
</testsuite> <!-- tests.PostSSDebitOrder -->
