<?xml version="1.0" encoding="UTF-8"?>
<!-- Generated by org.testng.reporters.JUnitReportReporter -->
<testsuite hostname="CIPL-LPT-1382" failures="0" tests="1" name="tests.GetSSAvailabledeal" time="3.673" errors="0" timestamp="2025-03-07T18:12:19 IST" skipped="0">
  <testcase classname="tests.GetSSAvailabledeal" name="testgetavailabledeal" time="3.673"/>
</testsuite> <!-- tests.GetSSAvailabledeal -->
