<?xml version="1.0" encoding="UTF-8"?>
<!-- Generated by org.testng.reporters.JUnitReportReporter -->
<testsuite hostname="CIPL-LPT-1382" failures="0" tests="1" name="tests.PostExample" time="3.478" errors="0" timestamp="2024-12-26T18:09:43 IST" skipped="0">
  <testcase classname="tests.PostExample" name="testpost" time="3.478"/>
</testsuite> <!-- tests.PostExample -->
