<?xml version="1.0" encoding="UTF-8"?>
<!-- Generated by org.testng.reporters.JUnitReportReporter -->
<testsuite hostname="CIPL-LPT-1382" failures="0" tests="4" name="tests.GetDealwithAsseration" time="6.116" errors="0" timestamp="2025-06-04T16:55:56 IST" skipped="1">
  <testcase classname="tests.GetDealwithAsseration" name="testValidCredentialsAndValidPath" time="4.769"/>
  <testcase classname="tests.GetDealwithAsseration" name="testInvalidCredentials" time="0.844"/>
  <testcase classname="tests.GetDealwithAsseration" name="testResponseNotEmpty" time="0.503"/>
  <testcase classname="tests.GetDealwithAsseration" name="testInvalidPath">
    <skipped/>
  </testcase> <!-- testInvalidPath -->
</testsuite> <!-- tests.GetDealwithAsseration -->
