<?xml version="1.0" encoding="UTF-8"?>
<!-- Generated by org.testng.reporters.JUnitReportReporter -->
<testsuite hostname="CIPL-LPT-1382" failures="0" tests="4" name="tests.GetDealwithAsseration" time="4.486" errors="0" timestamp="2025-06-06T15:53:51 IST" skipped="1">
  <testcase classname="tests.GetDealwithAsseration" name="testValidCredentialsAndValidPath" time="3.633"/>
  <testcase classname="tests.GetDealwithAsseration" name="testInvalidCredentials" time="0.395"/>
  <testcase classname="tests.GetDealwithAsseration" name="testResponseNotEmpty" time="0.458"/>
  <testcase classname="tests.GetDealwithAsseration" name="testInvalidPath">
    <skipped/>
  </testcase> <!-- testInvalidPath -->
</testsuite> <!-- tests.GetDealwithAsseration -->
