<?xml version="1.0" encoding="UTF-8"?>
<!-- Generated by org.testng.reporters.JUnitReportReporter -->
<testsuite hostname="CIPL-LPT-1382" failures="0" tests="4" name="tests.GetDealwithAsseration" time="37.352" errors="0" timestamp="2025-06-23T15:04:59 IST" skipped="1">
  <testcase classname="tests.GetDealwithAsseration" name="testValidCredentialsAndValidPath" time="36.615"/>
  <testcase classname="tests.GetDealwithAsseration" name="testInvalidCredentials" time="0.366"/>
  <testcase classname="tests.GetDealwithAsseration" name="testResponseNotEmpty" time="0.371"/>
  <testcase classname="tests.GetDealwithAsseration" name="testInvalidPath">
    <skipped/>
  </testcase> <!-- testInvalidPath -->
</testsuite> <!-- tests.GetDealwithAsseration -->
