<?xml version="1.0" encoding="UTF-8"?>
<!-- Generated by org.testng.reporters.JUnitReportReporter -->
<testsuite hostname="CIPL-LPT-1382" failures="0" tests="1" name="tests.PostExample" time="2.543" errors="0" timestamp="2025-06-23T15:01:33 IST" skipped="0">
  <testcase classname="tests.PostExample" name="testpost" time="2.543"/>
</testsuite> <!-- tests.PostExample -->
