<?xml version="1.0" encoding="UTF-8"?>
<!-- Generated by org.testng.reporters.JUnitReportReporter -->
<testsuite hostname="CIPL-LPT-1382" failures="0" tests="4" name="tests.SSDebitorderAllTestCase" time="15.060" errors="0" timestamp="2025-06-03T18:18:09 IST" skipped="0">
  <testcase classname="tests.SSDebitorderAllTestCase" name="testValidOrderSubmission" time="10.736"/>
  <testcase classname="tests.SSDebitorderAllTestCase" name="testInvalidDealId" time="1.855"/>
  <testcase classname="tests.SSDebitorderAllTestCase" name="testMissingIdNumber" time="1.257"/>
  <testcase classname="tests.SSDebitorderAllTestCase" name="testResponseTimeUnder2Seconds" time="1.212"/>
</testsuite> <!-- tests.SSDebitorderAllTestCase -->
