<?xml version="1.0" encoding="UTF-8"?>
<!-- Generated by org.testng.reporters.JUnitReportReporter -->
<testsuite hostname="CIPL-LPT-1382" failures="0" tests="4" name="tests.GetDealwithAsseration" time="3.397" errors="0" timestamp="2025-06-03T18:21:14 IST" skipped="1">
  <testcase classname="tests.GetDealwithAsseration" name="testValidCredentialsAndValidPath" time="2.373"/>
  <testcase classname="tests.GetDealwithAsseration" name="testInvalidCredentials" time="0.623"/>
  <testcase classname="tests.GetDealwithAsseration" name="testResponseNotEmpty" time="0.401"/>
  <testcase classname="tests.GetDealwithAsseration" name="testInvalidPath">
    <skipped/>
  </testcase> <!-- testInvalidPath -->
</testsuite> <!-- tests.GetDealwithAsseration -->
