<?xml version="1.0" encoding="UTF-8"?>
<!-- Generated by org.testng.reporters.JUnitReportReporter -->
<testsuite hostname="CIPL-LPT-1382" failures="0" tests="1" name="tests.PostSSDebitOrder" time="9.944" errors="0" timestamp="2024-12-31T09:56:12 IST" skipped="0">
  <testcase classname="tests.PostSSDebitOrder" name="testpostssorder" time="9.944"/>
</testsuite> <!-- tests.PostSSDebitOrder -->
