<?xml version="1.0" encoding="UTF-8"?>
<!-- Generated by org.testng.reporters.JUnitReportReporter -->
<testsuite hostname="CIPL-LPT-1382" failures="0" tests="1" name="tests.GetSSAvailabledeal" time="2.879" errors="0" timestamp="2025-01-07T12:39:31 IST" skipped="0">
  <testcase classname="tests.GetSSAvailabledeal" name="testgetavailabledeal" time="2.879"/>
</testsuite> <!-- tests.GetSSAvailabledeal -->
