<?xml version="1.0" encoding="UTF-8"?>
<!-- Generated by org.testng.reporters.JUnitReportReporter -->
<testsuite hostname="CIPL-LPT-1382" failures="0" tests="1" name="tests.GetExample" time="1.640" errors="0" timestamp="2024-12-02T08:42:44 IST" skipped="0">
  <testcase classname="tests.GetExample" name="testget" time="1.640"/>
</testsuite> <!-- tests.GetExample -->
